-------------------------------------------------------------------------------
Test set: fr.eni.trash.test.start.CalcTest
-------------------------------------------------------------------------------
Tests run: 1, Failures: 1, Errors: 0, Skipped: 0, Time elapsed: 0.001 s <<< FAILURE! - in fr.eni.trash.test.start.CalcTest
testCalc(fr.eni.trash.test.start.CalcTest)  Time elapsed: 0 s  <<< FAILURE!
java.lang.AssertionError: Not yet implemented
	at fr.eni.trash.test.start.CalcTest.testCalc(CalcTest.java:11)

